<?xml version="1.0" encoding="UTF-8"?>
<!-- Generated by org.testng.reporters.JUnitReportReporter -->
<testsuite hostname="MacBook-Pro-2.local" failures="0" tests="1" name="org.rahulshettyacademy.eCommerce_tc_cloud" time="10.687" errors="0" timestamp="2024-05-09T11:17:30 EDT" skipped="0">
  <testcase classname="org.rahulshettyacademy.eCommerce_tc_cloud" name="FillForm_ErrorValidation" time="10.687"/>
  <system-out/>
</testsuite> <!-- org.rahulshettyacademy.eCommerce_tc_cloud -->
